13.05.2015 17:05 SENDTO: oliinyk.artem@gmail.com, THEME: theme test, TEXT: hello world<br><br>З повагою,<br>Команда Vesna-Soft 2015<br>-----------------------<br><a href='http://vesnasoft.org'>vesnasoft.org</a> | <a href='https://vk.com/vesna_soft'>vk</a>
13.05.2015 17:05 SENDTO: oliinyk.artem@gmail.com, THEME: theme test, TEXT: hello world<br><br>З повагою,<br>Команда Vesna-Soft 2015<br>-----------------------<br><a href='http://vesnasoft.org'>vesnasoft.org</a> | <a href='https://vk.com/vesna_soft'>vk</a>
19.05.2015 08:49 SENDTO: gbogdan29@gmail.com, THEME: Vesna-Soft 2015, TEXT: Доброго дня!<br><br>
Ви зареєструвалися на фестиваль Vesna-Soft 2015. <br>
Всі проекти повинні пройти попередній відбір, тому просимо Вас відправити на vesna@programming.kr.ua наступну інформацію: <br>
- Докладний (але не більше 1 стор А4) опис проекту у форматі .pdf <br>
- Презентація проекту (не більше 10-12 слайдів) у форматі .pdf <br>
- Вихідні коди / замальовки / моделі / інші матеріали <br> <br>
Дедлайн на відправку презентації на попередній відбір:
23:59 21.05.2015 <br> <br>
Також запрошуємо вас взяти участь у Хакатоні, для цього достатньо мати власний ноутбук та базові знання Javascript (цикли і масиви). <br>
Буде цікаво :)<br><br>З повагою,<br>Команда Vesna-Soft 2015<br>-----------------------<br><a href='http://vesnasoft.org'>vesnasoft.org</a> | <a href='https://vk.com/vesna_soft'>vk</a>
19.05.2015 08:49 SENDTO: bilinskij.yaroslav@gmail.com, THEME: Vesna-Soft 2015, TEXT: Доброго дня!<br><br>
Ви зареєструвалися на фестиваль Vesna-Soft 2015. <br>
Всі проекти повинні пройти попередній відбір, тому просимо Вас відправити на vesna@programming.kr.ua наступну інформацію: <br>
- Докладний (але не більше 1 стор А4) опис проекту у форматі .pdf <br>
- Презентація проекту (не більше 10-12 слайдів) у форматі .pdf <br>
- Вихідні коди / замальовки / моделі / інші матеріали <br> <br>
Дедлайн на відправку презентації на попередній відбір:
23:59 21.05.2015 <br> <br>

Буде цікаво :)<br><br>З повагою,<br>Команда Vesna-Soft 2015<br>-----------------------<br><a href='http://vesnasoft.org'>vesnasoft.org</a> | <a href='https://vk.com/vesna_soft'>vk</a>
21.05.2015 08:18 SENDTO: bilinskij.yaroslav@gmail.com, THEME: Vesna-Soft 2015, TEXT: Доброго дня!<br><br>
Ви зареєструвалися на фестиваль Vesna-Soft 2015. <br>
Всі проекти повинні пройти попередній відбір, тому просимо Вас відправити на vesna@programming.kr.ua наступну інформацію: <br>
- Докладний (але не більше 1 стор А4) опис проекту у форматі .pdf <br>
- Презентація проекту (не більше 10-12 слайдів) у форматі .pdf <br>
- Вихідні коди / замальовки / моделі / інші матеріали <br> <br>
Дедлайн на відправку презентації на попередній відбір:
17:00 22.05.2015 <br> <br>
<br><br>З повагою,<br>Команда Vesna-Soft 2015<br>-----------------------<br><a href='http://vesnasoft.org'>vesnasoft.org</a> | <a href='https://vk.com/vesna_soft'>vk</a>
21.05.2015 08:18 SENDTO: cwu_core@ukr.net, THEME: Vesna-Soft 2015, TEXT: Доброго дня!<br><br>
Ви зареєструвалися на фестиваль Vesna-Soft 2015. <br>
Всі проекти повинні пройти попередній відбір, тому просимо Вас відправити на vesna@programming.kr.ua наступну інформацію: <br>
- Докладний (але не більше 1 стор А4) опис проекту у форматі .pdf <br>
- Презентація проекту (не більше 10-12 слайдів) у форматі .pdf <br>
- Вихідні коди / замальовки / моделі / інші матеріали <br> <br>
Дедлайн на відправку презентації на попередній відбір:
17:00 22.05.2015 <br> <br><br><br>З повагою,<br>Команда Vesna-Soft 2015<br>-----------------------<br><a href='http://vesnasoft.org'>vesnasoft.org</a> | <a href='https://vk.com/vesna_soft'>vk</a>
22.05.2015 09:36 SENDTO: oliinyk.artem@gmail.com, THEME: Vesna-Soft 2015, TEXT: Доброго дня!<br>
			Вітаємо вас з реєстрацією на Vesna-Soft 2015!<br>
			Ми чекаємо на вас 23 травня о 17:00 за адресою пров. Василівський, 10, 5й поверх<br><br>З повагою,<br>Команда Vesna-Soft 2015<br>-----------------------<br><a href='http://vesnasoft.org'>vesnasoft.org</a> | <a href='https://vk.com/vesna_soft'>vk</a>
