19.05.2015 10:17 SENDTO: oliinyk.artem@gmail.com, THEME: Vesna-Soft 2015, TEXT: 
	 		Доброго дня!
	 		<br><br>
	 		Просимо вибачення, з технічних причин у попередньому листі був вказаний некорентний час початку заходу.
	 		<br><br>
	 		Захист проектів відбудеться о 17:00, тож чекаємо на вас 23 травня о 17:00.
	 	<br><br>З повагою,<br>Команда Vesna-Soft 2015<br>-----------------------<br><a href='http://vesnasoft.org'>vesnasoft.org</a> | <a href='https://vk.com/vesna_soft'>vk</a>
19.05.2015 10:17 SENDTO: dmytro.bohdanov@gmail.com, THEME: Vesna-Soft 2015, TEXT: 
	 		Доброго дня!
	 		<br><br>
	 		Просимо вибачення, з технічних причин у попередньому листі був вказаний некорентний час початку заходу.
	 		<br><br>
	 		Захист проектів відбудеться о 17:00, тож чекаємо на вас 23 травня о 17:00.
	 	<br><br>З повагою,<br>Команда Vesna-Soft 2015<br>-----------------------<br><a href='http://vesnasoft.org'>vesnasoft.org</a> | <a href='https://vk.com/vesna_soft'>vk</a>
19.05.2015 10:19 SENDTO: glinianchyk@mail.ru, THEME: Vesna-Soft 2015, TEXT: 
	 		Доброго дня!
	 		<br><br>
	 		Просимо вибачення, з технічних причин у попередньому листі був вказаний некорентний час початку заходу.
	 		<br><br>
	 		Захист проектів відбудеться о 17:00, тож чекаємо на вас 23 травня о 17:00.
	 	<br><br>З повагою,<br>Команда Vesna-Soft 2015<br>-----------------------<br><a href='http://vesnasoft.org'>vesnasoft.org</a> | <a href='https://vk.com/vesna_soft'>vk</a>
19.05.2015 10:19 SENDTO: vlad.baranov.25@mail.ru, THEME: Vesna-Soft 2015, TEXT: 
	 		Доброго дня!
	 		<br><br>
	 		Просимо вибачення, з технічних причин у попередньому листі був вказаний некорентний час початку заходу.
	 		<br><br>
	 		Захист проектів відбудеться о 17:00, тож чекаємо на вас 23 травня о 17:00.
	 	<br><br>З повагою,<br>Команда Vesna-Soft 2015<br>-----------------------<br><a href='http://vesnasoft.org'>vesnasoft.org</a> | <a href='https://vk.com/vesna_soft'>vk</a>
19.05.2015 10:19 SENDTO: al.zaretskii@gmail.com, THEME: Vesna-Soft 2015, TEXT: 
	 		Доброго дня!
	 		<br><br>
	 		Просимо вибачення, з технічних причин у попередньому листі був вказаний некорентний час початку заходу.
	 		<br><br>
	 		Захист проектів відбудеться о 17:00, тож чекаємо на вас 23 травня о 17:00.
	 	<br><br>З повагою,<br>Команда Vesna-Soft 2015<br>-----------------------<br><a href='http://vesnasoft.org'>vesnasoft.org</a> | <a href='https://vk.com/vesna_soft'>vk</a>
19.05.2015 10:19 SENDTO: dmitriyromashevskiy@yandex.ru, THEME: Vesna-Soft 2015, TEXT: 
	 		Доброго дня!
	 		<br><br>
	 		Просимо вибачення, з технічних причин у попередньому листі був вказаний некорентний час початку заходу.
	 		<br><br>
	 		Захист проектів відбудеться о 17:00, тож чекаємо на вас 23 травня о 17:00.
	 	<br><br>З повагою,<br>Команда Vesna-Soft 2015<br>-----------------------<br><a href='http://vesnasoft.org'>vesnasoft.org</a> | <a href='https://vk.com/vesna_soft'>vk</a>
19.05.2015 10:19 SENDTO: yurabraiko@gmail.com, THEME: Vesna-Soft 2015, TEXT: 
	 		Доброго дня!
	 		<br><br>
	 		Просимо вибачення, з технічних причин у попередньому листі був вказаний некорентний час початку заходу.
	 		<br><br>
	 		Захист проектів відбудеться о 17:00, тож чекаємо на вас 23 травня о 17:00.
	 	<br><br>З повагою,<br>Команда Vesna-Soft 2015<br>-----------------------<br><a href='http://vesnasoft.org'>vesnasoft.org</a> | <a href='https://vk.com/vesna_soft'>vk</a>
19.05.2015 10:19 SENDTO: 1992shoker1992@mail.ru, THEME: Vesna-Soft 2015, TEXT: 
	 		Доброго дня!
	 		<br><br>
	 		Просимо вибачення, з технічних причин у попередньому листі був вказаний некорентний час початку заходу.
	 		<br><br>
	 		Захист проектів відбудеться о 17:00, тож чекаємо на вас 23 травня о 17:00.
	 	<br><br>З повагою,<br>Команда Vesna-Soft 2015<br>-----------------------<br><a href='http://vesnasoft.org'>vesnasoft.org</a> | <a href='https://vk.com/vesna_soft'>vk</a>
19.05.2015 10:19 SENDTO: SanaLi209@gmail.com, THEME: Vesna-Soft 2015, TEXT: 
	 		Доброго дня!
	 		<br><br>
	 		Просимо вибачення, з технічних причин у попередньому листі був вказаний некорентний час початку заходу.
	 		<br><br>
	 		Захист проектів відбудеться о 17:00, тож чекаємо на вас 23 травня о 17:00.
	 	<br><br>З повагою,<br>Команда Vesna-Soft 2015<br>-----------------------<br><a href='http://vesnasoft.org'>vesnasoft.org</a> | <a href='https://vk.com/vesna_soft'>vk</a>
19.05.2015 10:19 SENDTO: ashaman1991@gmail.com, THEME: Vesna-Soft 2015, TEXT: 
	 		Доброго дня!
	 		<br><br>
	 		Просимо вибачення, з технічних причин у попередньому листі був вказаний некорентний час початку заходу.
	 		<br><br>
	 		Захист проектів відбудеться о 17:00, тож чекаємо на вас 23 травня о 17:00.
	 	<br><br>З повагою,<br>Команда Vesna-Soft 2015<br>-----------------------<br><a href='http://vesnasoft.org'>vesnasoft.org</a> | <a href='https://vk.com/vesna_soft'>vk</a>
19.05.2015 10:19 SENDTO: romsonapp@gmail.com, THEME: Vesna-Soft 2015, TEXT: 
	 		Доброго дня!
	 		<br><br>
	 		Просимо вибачення, з технічних причин у попередньому листі був вказаний некорентний час початку заходу.
	 		<br><br>
	 		Захист проектів відбудеться о 17:00, тож чекаємо на вас 23 травня о 17:00.
	 	<br><br>З повагою,<br>Команда Vesna-Soft 2015<br>-----------------------<br><a href='http://vesnasoft.org'>vesnasoft.org</a> | <a href='https://vk.com/vesna_soft'>vk</a>
19.05.2015 10:19 SENDTO: goroshko.k.n@gmail.com, THEME: Vesna-Soft 2015, TEXT: 
	 		Доброго дня!
	 		<br><br>
	 		Просимо вибачення, з технічних причин у попередньому листі був вказаний некорентний час початку заходу.
	 		<br><br>
	 		Захист проектів відбудеться о 17:00, тож чекаємо на вас 23 травня о 17:00.
	 	<br><br>З повагою,<br>Команда Vesna-Soft 2015<br>-----------------------<br><a href='http://vesnasoft.org'>vesnasoft.org</a> | <a href='https://vk.com/vesna_soft'>vk</a>
19.05.2015 10:19 SENDTO: vip.tanin@gmail.com, THEME: Vesna-Soft 2015, TEXT: 
	 		Доброго дня!
	 		<br><br>
	 		Просимо вибачення, з технічних причин у попередньому листі був вказаний некорентний час початку заходу.
	 		<br><br>
	 		Захист проектів відбудеться о 17:00, тож чекаємо на вас 23 травня о 17:00.
	 	<br><br>З повагою,<br>Команда Vesna-Soft 2015<br>-----------------------<br><a href='http://vesnasoft.org'>vesnasoft.org</a> | <a href='https://vk.com/vesna_soft'>vk</a>
19.05.2015 10:19 SENDTO: maredwinz@gmail.com, THEME: Vesna-Soft 2015, TEXT: 
	 		Доброго дня!
	 		<br><br>
	 		Просимо вибачення, з технічних причин у попередньому листі був вказаний некорентний час початку заходу.
	 		<br><br>
	 		Захист проектів відбудеться о 17:00, тож чекаємо на вас 23 травня о 17:00.
	 	<br><br>З повагою,<br>Команда Vesna-Soft 2015<br>-----------------------<br><a href='http://vesnasoft.org'>vesnasoft.org</a> | <a href='https://vk.com/vesna_soft'>vk</a>
19.05.2015 10:19 SENDTO: goroshko.k.n@gmail.com, THEME: Vesna-Soft 2015, TEXT: 
	 		Доброго дня!
	 		<br><br>
	 		Просимо вибачення, з технічних причин у попередньому листі був вказаний некорентний час початку заходу.
	 		<br><br>
	 		Захист проектів відбудеться о 17:00, тож чекаємо на вас 23 травня о 17:00.
	 	<br><br>З повагою,<br>Команда Vesna-Soft 2015<br>-----------------------<br><a href='http://vesnasoft.org'>vesnasoft.org</a> | <a href='https://vk.com/vesna_soft'>vk</a>
19.05.2015 10:19 SENDTO: leonid_2213@mail.ru, THEME: Vesna-Soft 2015, TEXT: 
	 		Доброго дня!
	 		<br><br>
	 		Просимо вибачення, з технічних причин у попередньому листі був вказаний некорентний час початку заходу.
	 		<br><br>
	 		Захист проектів відбудеться о 17:00, тож чекаємо на вас 23 травня о 17:00.
	 	<br><br>З повагою,<br>Команда Vesna-Soft 2015<br>-----------------------<br><a href='http://vesnasoft.org'>vesnasoft.org</a> | <a href='https://vk.com/vesna_soft'>vk</a>
19.05.2015 10:19 SENDTO: oliinyk.artem@gmail.com, THEME: Vesna-Soft 2015, TEXT: 
	 		Доброго дня!
	 		<br><br>
	 		Просимо вибачення, з технічних причин у попередньому листі був вказаний некорентний час початку заходу.
	 		<br><br>
	 		Захист проектів відбудеться о 17:00, тож чекаємо на вас 23 травня о 17:00.
	 	<br><br>З повагою,<br>Команда Vesna-Soft 2015<br>-----------------------<br><a href='http://vesnasoft.org'>vesnasoft.org</a> | <a href='https://vk.com/vesna_soft'>vk</a>
22.05.2015 09:37 SENDTO: oliinyk.artem@gmail.com, THEME: Vesna-Soft 2015, TEXT: 
	 		Доброго дня!<br>
			Вітаємо вас з реєстрацією на Vesna-Soft 2015!<br>
			Ми чекаємо на вас 23 травня о 17:00 за адресою пров. Василівський, 10, 5й поверх
	 	<br><br>З повагою,<br>Команда Vesna-Soft 2015<br>-----------------------<br><a href='http://vesnasoft.org'>vesnasoft.org</a> | <a href='https://vk.com/vesna_soft'>vk</a>
22.05.2015 09:37 SENDTO: dmytro.bohdanov@gmail.com, THEME: Vesna-Soft 2015, TEXT: 
	 		Доброго дня!<br>
			Вітаємо вас з реєстрацією на Vesna-Soft 2015!<br>
			Ми чекаємо на вас 23 травня о 17:00 за адресою пров. Василівський, 10, 5й поверх
	 	<br><br>З повагою,<br>Команда Vesna-Soft 2015<br>-----------------------<br><a href='http://vesnasoft.org'>vesnasoft.org</a> | <a href='https://vk.com/vesna_soft'>vk</a>
22.05.2015 09:37 SENDTO: maredwinz@gmail.com, THEME: Vesna-Soft 2015, TEXT: 
	 		Доброго дня!<br>
			Вітаємо вас з реєстрацією на Vesna-Soft 2015!<br>
			Ми чекаємо на вас 23 травня о 17:00 за адресою пров. Василівський, 10, 5й поверх
	 	<br><br>З повагою,<br>Команда Vesna-Soft 2015<br>-----------------------<br><a href='http://vesnasoft.org'>vesnasoft.org</a> | <a href='https://vk.com/vesna_soft'>vk</a>
22.05.2015 09:37 SENDTO: vip.tanin@gmail.com, THEME: Vesna-Soft 2015, TEXT: 
	 		Доброго дня!<br>
			Вітаємо вас з реєстрацією на Vesna-Soft 2015!<br>
			Ми чекаємо на вас 23 травня о 17:00 за адресою пров. Василівський, 10, 5й поверх
	 	<br><br>З повагою,<br>Команда Vesna-Soft 2015<br>-----------------------<br><a href='http://vesnasoft.org'>vesnasoft.org</a> | <a href='https://vk.com/vesna_soft'>vk</a>
22.05.2015 09:37 SENDTO: vnechai88@gmail.com, THEME: Vesna-Soft 2015, TEXT: 
	 		Доброго дня!<br>
			Вітаємо вас з реєстрацією на Vesna-Soft 2015!<br>
			Ми чекаємо на вас 23 травня о 17:00 за адресою пров. Василівський, 10, 5й поверх
	 	<br><br>З повагою,<br>Команда Vesna-Soft 2015<br>-----------------------<br><a href='http://vesnasoft.org'>vesnasoft.org</a> | <a href='https://vk.com/vesna_soft'>vk</a>
22.05.2015 09:38 SENDTO: nikolaybezay@gmail.com, THEME: Vesna-Soft 2015, TEXT: 
	 		Доброго дня!<br>
			Вітаємо вас з реєстрацією на Vesna-Soft 2015!<br>
			Ми чекаємо на вас 23 травня о 17:00 за адресою пров. Василівський, 10, 5й поверх
	 	<br><br>З повагою,<br>Команда Vesna-Soft 2015<br>-----------------------<br><a href='http://vesnasoft.org'>vesnasoft.org</a> | <a href='https://vk.com/vesna_soft'>vk</a>
22.05.2015 09:38 SENDTO: pritula_@ukr.net, THEME: Vesna-Soft 2015, TEXT: 
	 		Доброго дня!<br>
			Вітаємо вас з реєстрацією на Vesna-Soft 2015!<br>
			Ми чекаємо на вас 23 травня о 17:00 за адресою пров. Василівський, 10, 5й поверх
	 	<br><br>З повагою,<br>Команда Vesna-Soft 2015<br>-----------------------<br><a href='http://vesnasoft.org'>vesnasoft.org</a> | <a href='https://vk.com/vesna_soft'>vk</a>
22.05.2015 09:38 SENDTO: alex.pritula.uttc@gmail.com, THEME: Vesna-Soft 2015, TEXT: 
	 		Доброго дня!<br>
			Вітаємо вас з реєстрацією на Vesna-Soft 2015!<br>
			Ми чекаємо на вас 23 травня о 17:00 за адресою пров. Василівський, 10, 5й поверх
	 	<br><br>З повагою,<br>Команда Vesna-Soft 2015<br>-----------------------<br><a href='http://vesnasoft.org'>vesnasoft.org</a> | <a href='https://vk.com/vesna_soft'>vk</a>
22.05.2015 09:38 SENDTO: sera_cabal@mail.ru, THEME: Vesna-Soft 2015, TEXT: 
	 		Доброго дня!<br>
			Вітаємо вас з реєстрацією на Vesna-Soft 2015!<br>
			Ми чекаємо на вас 23 травня о 17:00 за адресою пров. Василівський, 10, 5й поверх
	 	<br><br>З повагою,<br>Команда Vesna-Soft 2015<br>-----------------------<br><a href='http://vesnasoft.org'>vesnasoft.org</a> | <a href='https://vk.com/vesna_soft'>vk</a>
22.05.2015 09:38 SENDTO: v.kotyak@gmail.com, THEME: Vesna-Soft 2015, TEXT: 
	 		Доброго дня!<br>
			Вітаємо вас з реєстрацією на Vesna-Soft 2015!<br>
			Ми чекаємо на вас 23 травня о 17:00 за адресою пров. Василівський, 10, 5й поверх
	 	<br><br>З повагою,<br>Команда Vesna-Soft 2015<br>-----------------------<br><a href='http://vesnasoft.org'>vesnasoft.org</a> | <a href='https://vk.com/vesna_soft'>vk</a>
22.05.2015 09:38 SENDTO: annika_joy@mail.ru, THEME: Vesna-Soft 2015, TEXT: 
	 		Доброго дня!<br>
			Вітаємо вас з реєстрацією на Vesna-Soft 2015!<br>
			Ми чекаємо на вас 23 травня о 17:00 за адресою пров. Василівський, 10, 5й поверх
	 	<br><br>З повагою,<br>Команда Vesna-Soft 2015<br>-----------------------<br><a href='http://vesnasoft.org'>vesnasoft.org</a> | <a href='https://vk.com/vesna_soft'>vk</a>
22.05.2015 09:38 SENDTO: dan-vetal@yandex.ru, THEME: Vesna-Soft 2015, TEXT: 
	 		Доброго дня!<br>
			Вітаємо вас з реєстрацією на Vesna-Soft 2015!<br>
			Ми чекаємо на вас 23 травня о 17:00 за адресою пров. Василівський, 10, 5й поверх
	 	<br><br>З повагою,<br>Команда Vesna-Soft 2015<br>-----------------------<br><a href='http://vesnasoft.org'>vesnasoft.org</a> | <a href='https://vk.com/vesna_soft'>vk</a>
22.05.2015 09:38 SENDTO: mickeynomouse33@gmail.com, THEME: Vesna-Soft 2015, TEXT: 
	 		Доброго дня!<br>
			Вітаємо вас з реєстрацією на Vesna-Soft 2015!<br>
			Ми чекаємо на вас 23 травня о 17:00 за адресою пров. Василівський, 10, 5й поверх
	 	<br><br>З повагою,<br>Команда Vesna-Soft 2015<br>-----------------------<br><a href='http://vesnasoft.org'>vesnasoft.org</a> | <a href='https://vk.com/vesna_soft'>vk</a>
22.05.2015 09:38 SENDTO: Izvalov.klanau@gmail.com, THEME: Vesna-Soft 2015, TEXT: 
	 		Доброго дня!<br>
			Вітаємо вас з реєстрацією на Vesna-Soft 2015!<br>
			Ми чекаємо на вас 23 травня о 17:00 за адресою пров. Василівський, 10, 5й поверх
	 	<br><br>З повагою,<br>Команда Vesna-Soft 2015<br>-----------------------<br><a href='http://vesnasoft.org'>vesnasoft.org</a> | <a href='https://vk.com/vesna_soft'>vk</a>
22.05.2015 09:38 SENDTO: lykhodida@mail.ru, THEME: Vesna-Soft 2015, TEXT: 
	 		Доброго дня!<br>
			Вітаємо вас з реєстрацією на Vesna-Soft 2015!<br>
			Ми чекаємо на вас 23 травня о 17:00 за адресою пров. Василівський, 10, 5й поверх
	 	<br><br>З повагою,<br>Команда Vesna-Soft 2015<br>-----------------------<br><a href='http://vesnasoft.org'>vesnasoft.org</a> | <a href='https://vk.com/vesna_soft'>vk</a>
22.05.2015 09:38 SENDTO: v.turturika@gmail.com, THEME: Vesna-Soft 2015, TEXT: 
	 		Доброго дня!<br>
			Вітаємо вас з реєстрацією на Vesna-Soft 2015!<br>
			Ми чекаємо на вас 23 травня о 17:00 за адресою пров. Василівський, 10, 5й поверх
	 	<br><br>З повагою,<br>Команда Vesna-Soft 2015<br>-----------------------<br><a href='http://vesnasoft.org'>vesnasoft.org</a> | <a href='https://vk.com/vesna_soft'>vk</a>
22.05.2015 09:38 SENDTO: rechitz@gmail.com, THEME: Vesna-Soft 2015, TEXT: 
	 		Доброго дня!<br>
			Вітаємо вас з реєстрацією на Vesna-Soft 2015!<br>
			Ми чекаємо на вас 23 травня о 17:00 за адресою пров. Василівський, 10, 5й поверх
	 	<br><br>З повагою,<br>Команда Vesna-Soft 2015<br>-----------------------<br><a href='http://vesnasoft.org'>vesnasoft.org</a> | <a href='https://vk.com/vesna_soft'>vk</a>
22.05.2015 09:38 SENDTO: t.zaporozhchuk@gmail.com, THEME: Vesna-Soft 2015, TEXT: 
	 		Доброго дня!<br>
			Вітаємо вас з реєстрацією на Vesna-Soft 2015!<br>
			Ми чекаємо на вас 23 травня о 17:00 за адресою пров. Василівський, 10, 5й поверх
	 	<br><br>З повагою,<br>Команда Vesna-Soft 2015<br>-----------------------<br><a href='http://vesnasoft.org'>vesnasoft.org</a> | <a href='https://vk.com/vesna_soft'>vk</a>
22.05.2015 09:38 SENDTO: vlad-yaroshenko-76@mail.ru, THEME: Vesna-Soft 2015, TEXT: 
	 		Доброго дня!<br>
			Вітаємо вас з реєстрацією на Vesna-Soft 2015!<br>
			Ми чекаємо на вас 23 травня о 17:00 за адресою пров. Василівський, 10, 5й поверх
	 	<br><br>З повагою,<br>Команда Vesna-Soft 2015<br>-----------------------<br><a href='http://vesnasoft.org'>vesnasoft.org</a> | <a href='https://vk.com/vesna_soft'>vk</a>
22.05.2015 09:38 SENDTO: marinachala@gmail.com, THEME: Vesna-Soft 2015, TEXT: 
	 		Доброго дня!<br>
			Вітаємо вас з реєстрацією на Vesna-Soft 2015!<br>
			Ми чекаємо на вас 23 травня о 17:00 за адресою пров. Василівський, 10, 5й поверх
	 	<br><br>З повагою,<br>Команда Vesna-Soft 2015<br>-----------------------<br><a href='http://vesnasoft.org'>vesnasoft.org</a> | <a href='https://vk.com/vesna_soft'>vk</a>
22.05.2015 09:38 SENDTO: dbarabash3@gmail.com, THEME: Vesna-Soft 2015, TEXT: 
	 		Доброго дня!<br>
			Вітаємо вас з реєстрацією на Vesna-Soft 2015!<br>
			Ми чекаємо на вас 23 травня о 17:00 за адресою пров. Василівський, 10, 5й поверх
	 	<br><br>З повагою,<br>Команда Vesna-Soft 2015<br>-----------------------<br><a href='http://vesnasoft.org'>vesnasoft.org</a> | <a href='https://vk.com/vesna_soft'>vk</a>
26.05.2015 16:29 SENDTO: oliinyk.artem@gmail.com, THEME: Vesna-Soft 2015, TEXT: 
	 		Доброго дня!<br>
			Закінчився фестиваль Vesna-Soft 2015 і нам важлива ваша думка.<br>
			Заповніть, будь ласка, анонімну форму за посиланням нижче. Це займе всього кілька хвилин.<br>
			<a href='http://vesnasoft.org/feedback.html'>Клацніть сюди, щоб перейти до форми.</a>
	 	<br><br>З повагою,<br>Команда Vesna-Soft 2015<br>-----------------------<br><a href='http://vesnasoft.org'>vesnasoft.org</a> | <a href='https://vk.com/vesna_soft'>vk</a>
26.05.2015 16:32 SENDTO: oliinyk.artem@gmail.com, THEME: Vesna-Soft 2015, TEXT: 
	 		Доброго дня!<br>
			Закінчився фестиваль Vesna-Soft 2015 і нам важлива ваша думка.<br>
			Заповніть, будь ласка, анонімну форму за посиланням нижче. Це займе всього кілька хвилин.<br>
			<a href='http://vesnasoft.org/feedback.html'>Клацніть сюди, щоб перейти до форми.</a>
	 	<br><br>З повагою,<br>Команда Vesna-Soft 2015<br>-----------------------<br><a href='http://vesnasoft.org'>vesnasoft.org</a> | <a href='https://vk.com/vesna_soft'>vk</a>
26.05.2015 16:32 SENDTO: maredwinz@gmail.com, THEME: Vesna-Soft 2015, TEXT: 
	 		Доброго дня!<br>
			Закінчився фестиваль Vesna-Soft 2015 і нам важлива ваша думка.<br>
			Заповніть, будь ласка, анонімну форму за посиланням нижче. Це займе всього кілька хвилин.<br>
			<a href='http://vesnasoft.org/feedback.html'>Клацніть сюди, щоб перейти до форми.</a>
	 	<br><br>З повагою,<br>Команда Vesna-Soft 2015<br>-----------------------<br><a href='http://vesnasoft.org'>vesnasoft.org</a> | <a href='https://vk.com/vesna_soft'>vk</a>
26.05.2015 16:32 SENDTO: vip.tanin@gmail.com, THEME: Vesna-Soft 2015, TEXT: 
	 		Доброго дня!<br>
			Закінчився фестиваль Vesna-Soft 2015 і нам важлива ваша думка.<br>
			Заповніть, будь ласка, анонімну форму за посиланням нижче. Це займе всього кілька хвилин.<br>
			<a href='http://vesnasoft.org/feedback.html'>Клацніть сюди, щоб перейти до форми.</a>
	 	<br><br>З повагою,<br>Команда Vesna-Soft 2015<br>-----------------------<br><a href='http://vesnasoft.org'>vesnasoft.org</a> | <a href='https://vk.com/vesna_soft'>vk</a>
26.05.2015 16:32 SENDTO: vnechai88@gmail.com, THEME: Vesna-Soft 2015, TEXT: 
	 		Доброго дня!<br>
			Закінчився фестиваль Vesna-Soft 2015 і нам важлива ваша думка.<br>
			Заповніть, будь ласка, анонімну форму за посиланням нижче. Це займе всього кілька хвилин.<br>
			<a href='http://vesnasoft.org/feedback.html'>Клацніть сюди, щоб перейти до форми.</a>
	 	<br><br>З повагою,<br>Команда Vesna-Soft 2015<br>-----------------------<br><a href='http://vesnasoft.org'>vesnasoft.org</a> | <a href='https://vk.com/vesna_soft'>vk</a>
26.05.2015 16:32 SENDTO: nikolaybezay@gmail.com, THEME: Vesna-Soft 2015, TEXT: 
	 		Доброго дня!<br>
			Закінчився фестиваль Vesna-Soft 2015 і нам важлива ваша думка.<br>
			Заповніть, будь ласка, анонімну форму за посиланням нижче. Це займе всього кілька хвилин.<br>
			<a href='http://vesnasoft.org/feedback.html'>Клацніть сюди, щоб перейти до форми.</a>
	 	<br><br>З повагою,<br>Команда Vesna-Soft 2015<br>-----------------------<br><a href='http://vesnasoft.org'>vesnasoft.org</a> | <a href='https://vk.com/vesna_soft'>vk</a>
26.05.2015 16:32 SENDTO: pritula_@ukr.net, THEME: Vesna-Soft 2015, TEXT: 
	 		Доброго дня!<br>
			Закінчився фестиваль Vesna-Soft 2015 і нам важлива ваша думка.<br>
			Заповніть, будь ласка, анонімну форму за посиланням нижче. Це займе всього кілька хвилин.<br>
			<a href='http://vesnasoft.org/feedback.html'>Клацніть сюди, щоб перейти до форми.</a>
	 	<br><br>З повагою,<br>Команда Vesna-Soft 2015<br>-----------------------<br><a href='http://vesnasoft.org'>vesnasoft.org</a> | <a href='https://vk.com/vesna_soft'>vk</a>
26.05.2015 16:32 SENDTO: alex.pritula.uttc@gmail.com, THEME: Vesna-Soft 2015, TEXT: 
	 		Доброго дня!<br>
			Закінчився фестиваль Vesna-Soft 2015 і нам важлива ваша думка.<br>
			Заповніть, будь ласка, анонімну форму за посиланням нижче. Це займе всього кілька хвилин.<br>
			<a href='http://vesnasoft.org/feedback.html'>Клацніть сюди, щоб перейти до форми.</a>
	 	<br><br>З повагою,<br>Команда Vesna-Soft 2015<br>-----------------------<br><a href='http://vesnasoft.org'>vesnasoft.org</a> | <a href='https://vk.com/vesna_soft'>vk</a>
26.05.2015 16:32 SENDTO: sera_cabal@mail.ru, THEME: Vesna-Soft 2015, TEXT: 
	 		Доброго дня!<br>
			Закінчився фестиваль Vesna-Soft 2015 і нам важлива ваша думка.<br>
			Заповніть, будь ласка, анонімну форму за посиланням нижче. Це займе всього кілька хвилин.<br>
			<a href='http://vesnasoft.org/feedback.html'>Клацніть сюди, щоб перейти до форми.</a>
	 	<br><br>З повагою,<br>Команда Vesna-Soft 2015<br>-----------------------<br><a href='http://vesnasoft.org'>vesnasoft.org</a> | <a href='https://vk.com/vesna_soft'>vk</a>
26.05.2015 16:32 SENDTO: v.kotyak@gmail.com, THEME: Vesna-Soft 2015, TEXT: 
	 		Доброго дня!<br>
			Закінчився фестиваль Vesna-Soft 2015 і нам важлива ваша думка.<br>
			Заповніть, будь ласка, анонімну форму за посиланням нижче. Це займе всього кілька хвилин.<br>
			<a href='http://vesnasoft.org/feedback.html'>Клацніть сюди, щоб перейти до форми.</a>
	 	<br><br>З повагою,<br>Команда Vesna-Soft 2015<br>-----------------------<br><a href='http://vesnasoft.org'>vesnasoft.org</a> | <a href='https://vk.com/vesna_soft'>vk</a>
26.05.2015 16:32 SENDTO: annika_joy@mail.ru, THEME: Vesna-Soft 2015, TEXT: 
	 		Доброго дня!<br>
			Закінчився фестиваль Vesna-Soft 2015 і нам важлива ваша думка.<br>
			Заповніть, будь ласка, анонімну форму за посиланням нижче. Це займе всього кілька хвилин.<br>
			<a href='http://vesnasoft.org/feedback.html'>Клацніть сюди, щоб перейти до форми.</a>
	 	<br><br>З повагою,<br>Команда Vesna-Soft 2015<br>-----------------------<br><a href='http://vesnasoft.org'>vesnasoft.org</a> | <a href='https://vk.com/vesna_soft'>vk</a>
26.05.2015 16:32 SENDTO: dan-vetal@yandex.ru, THEME: Vesna-Soft 2015, TEXT: 
	 		Доброго дня!<br>
			Закінчився фестиваль Vesna-Soft 2015 і нам важлива ваша думка.<br>
			Заповніть, будь ласка, анонімну форму за посиланням нижче. Це займе всього кілька хвилин.<br>
			<a href='http://vesnasoft.org/feedback.html'>Клацніть сюди, щоб перейти до форми.</a>
	 	<br><br>З повагою,<br>Команда Vesna-Soft 2015<br>-----------------------<br><a href='http://vesnasoft.org'>vesnasoft.org</a> | <a href='https://vk.com/vesna_soft'>vk</a>
26.05.2015 16:32 SENDTO: mickeynomouse33@gmail.com, THEME: Vesna-Soft 2015, TEXT: 
	 		Доброго дня!<br>
			Закінчився фестиваль Vesna-Soft 2015 і нам важлива ваша думка.<br>
			Заповніть, будь ласка, анонімну форму за посиланням нижче. Це займе всього кілька хвилин.<br>
			<a href='http://vesnasoft.org/feedback.html'>Клацніть сюди, щоб перейти до форми.</a>
	 	<br><br>З повагою,<br>Команда Vesna-Soft 2015<br>-----------------------<br><a href='http://vesnasoft.org'>vesnasoft.org</a> | <a href='https://vk.com/vesna_soft'>vk</a>
26.05.2015 16:32 SENDTO: Izvalov.klanau@gmail.com, THEME: Vesna-Soft 2015, TEXT: 
	 		Доброго дня!<br>
			Закінчився фестиваль Vesna-Soft 2015 і нам важлива ваша думка.<br>
			Заповніть, будь ласка, анонімну форму за посиланням нижче. Це займе всього кілька хвилин.<br>
			<a href='http://vesnasoft.org/feedback.html'>Клацніть сюди, щоб перейти до форми.</a>
	 	<br><br>З повагою,<br>Команда Vesna-Soft 2015<br>-----------------------<br><a href='http://vesnasoft.org'>vesnasoft.org</a> | <a href='https://vk.com/vesna_soft'>vk</a>
26.05.2015 16:32 SENDTO: lykhodida@mail.ru, THEME: Vesna-Soft 2015, TEXT: 
	 		Доброго дня!<br>
			Закінчився фестиваль Vesna-Soft 2015 і нам важлива ваша думка.<br>
			Заповніть, будь ласка, анонімну форму за посиланням нижче. Це займе всього кілька хвилин.<br>
			<a href='http://vesnasoft.org/feedback.html'>Клацніть сюди, щоб перейти до форми.</a>
	 	<br><br>З повагою,<br>Команда Vesna-Soft 2015<br>-----------------------<br><a href='http://vesnasoft.org'>vesnasoft.org</a> | <a href='https://vk.com/vesna_soft'>vk</a>
26.05.2015 16:32 SENDTO: v.turturika@gmail.com, THEME: Vesna-Soft 2015, TEXT: 
	 		Доброго дня!<br>
			Закінчився фестиваль Vesna-Soft 2015 і нам важлива ваша думка.<br>
			Заповніть, будь ласка, анонімну форму за посиланням нижче. Це займе всього кілька хвилин.<br>
			<a href='http://vesnasoft.org/feedback.html'>Клацніть сюди, щоб перейти до форми.</a>
	 	<br><br>З повагою,<br>Команда Vesna-Soft 2015<br>-----------------------<br><a href='http://vesnasoft.org'>vesnasoft.org</a> | <a href='https://vk.com/vesna_soft'>vk</a>
26.05.2015 16:32 SENDTO: rechitz@gmail.com, THEME: Vesna-Soft 2015, TEXT: 
	 		Доброго дня!<br>
			Закінчився фестиваль Vesna-Soft 2015 і нам важлива ваша думка.<br>
			Заповніть, будь ласка, анонімну форму за посиланням нижче. Це займе всього кілька хвилин.<br>
			<a href='http://vesnasoft.org/feedback.html'>Клацніть сюди, щоб перейти до форми.</a>
	 	<br><br>З повагою,<br>Команда Vesna-Soft 2015<br>-----------------------<br><a href='http://vesnasoft.org'>vesnasoft.org</a> | <a href='https://vk.com/vesna_soft'>vk</a>
26.05.2015 16:32 SENDTO: t.zaporozhchuk@gmail.com, THEME: Vesna-Soft 2015, TEXT: 
	 		Доброго дня!<br>
			Закінчився фестиваль Vesna-Soft 2015 і нам важлива ваша думка.<br>
			Заповніть, будь ласка, анонімну форму за посиланням нижче. Це займе всього кілька хвилин.<br>
			<a href='http://vesnasoft.org/feedback.html'>Клацніть сюди, щоб перейти до форми.</a>
	 	<br><br>З повагою,<br>Команда Vesna-Soft 2015<br>-----------------------<br><a href='http://vesnasoft.org'>vesnasoft.org</a> | <a href='https://vk.com/vesna_soft'>vk</a>
26.05.2015 16:32 SENDTO: vlad-yaroshenko-76@mail.ru, THEME: Vesna-Soft 2015, TEXT: 
	 		Доброго дня!<br>
			Закінчився фестиваль Vesna-Soft 2015 і нам важлива ваша думка.<br>
			Заповніть, будь ласка, анонімну форму за посиланням нижче. Це займе всього кілька хвилин.<br>
			<a href='http://vesnasoft.org/feedback.html'>Клацніть сюди, щоб перейти до форми.</a>
	 	<br><br>З повагою,<br>Команда Vesna-Soft 2015<br>-----------------------<br><a href='http://vesnasoft.org'>vesnasoft.org</a> | <a href='https://vk.com/vesna_soft'>vk</a>
26.05.2015 16:32 SENDTO: marinachala@gmail.com, THEME: Vesna-Soft 2015, TEXT: 
	 		Доброго дня!<br>
			Закінчився фестиваль Vesna-Soft 2015 і нам важлива ваша думка.<br>
			Заповніть, будь ласка, анонімну форму за посиланням нижче. Це займе всього кілька хвилин.<br>
			<a href='http://vesnasoft.org/feedback.html'>Клацніть сюди, щоб перейти до форми.</a>
	 	<br><br>З повагою,<br>Команда Vesna-Soft 2015<br>-----------------------<br><a href='http://vesnasoft.org'>vesnasoft.org</a> | <a href='https://vk.com/vesna_soft'>vk</a>
26.05.2015 16:32 SENDTO: dbarabash3@gmail.com, THEME: Vesna-Soft 2015, TEXT: 
	 		Доброго дня!<br>
			Закінчився фестиваль Vesna-Soft 2015 і нам важлива ваша думка.<br>
			Заповніть, будь ласка, анонімну форму за посиланням нижче. Це займе всього кілька хвилин.<br>
			<a href='http://vesnasoft.org/feedback.html'>Клацніть сюди, щоб перейти до форми.</a>
	 	<br><br>З повагою,<br>Команда Vesna-Soft 2015<br>-----------------------<br><a href='http://vesnasoft.org'>vesnasoft.org</a> | <a href='https://vk.com/vesna_soft'>vk</a>
26.05.2015 16:32 SENDTO: mihaw.wolodymyr@gmail.com, THEME: Vesna-Soft 2015, TEXT: 
	 		Доброго дня!<br>
			Закінчився фестиваль Vesna-Soft 2015 і нам важлива ваша думка.<br>
			Заповніть, будь ласка, анонімну форму за посиланням нижче. Це займе всього кілька хвилин.<br>
			<a href='http://vesnasoft.org/feedback.html'>Клацніть сюди, щоб перейти до форми.</a>
	 	<br><br>З повагою,<br>Команда Vesna-Soft 2015<br>-----------------------<br><a href='http://vesnasoft.org'>vesnasoft.org</a> | <a href='https://vk.com/vesna_soft'>vk</a>
26.05.2015 16:32 SENDTO: gbogdan29@gmail.com, THEME: Vesna-Soft 2015, TEXT: 
	 		Доброго дня!<br>
			Закінчився фестиваль Vesna-Soft 2015 і нам важлива ваша думка.<br>
			Заповніть, будь ласка, анонімну форму за посиланням нижче. Це займе всього кілька хвилин.<br>
			<a href='http://vesnasoft.org/feedback.html'>Клацніть сюди, щоб перейти до форми.</a>
	 	<br><br>З повагою,<br>Команда Vesna-Soft 2015<br>-----------------------<br><a href='http://vesnasoft.org'>vesnasoft.org</a> | <a href='https://vk.com/vesna_soft'>vk</a>
26.05.2015 16:32 SENDTO: igorbarakaievmusic@gmail.com, THEME: Vesna-Soft 2015, TEXT: 
	 		Доброго дня!<br>
			Закінчився фестиваль Vesna-Soft 2015 і нам важлива ваша думка.<br>
			Заповніть, будь ласка, анонімну форму за посиланням нижче. Це займе всього кілька хвилин.<br>
			<a href='http://vesnasoft.org/feedback.html'>Клацніть сюди, щоб перейти до форми.</a>
	 	<br><br>З повагою,<br>Команда Vesna-Soft 2015<br>-----------------------<br><a href='http://vesnasoft.org'>vesnasoft.org</a> | <a href='https://vk.com/vesna_soft'>vk</a>
26.05.2015 16:32 SENDTO: dudnik_sy@ukr.nte, THEME: Vesna-Soft 2015, TEXT: 
	 		Доброго дня!<br>
			Закінчився фестиваль Vesna-Soft 2015 і нам важлива ваша думка.<br>
			Заповніть, будь ласка, анонімну форму за посиланням нижче. Це займе всього кілька хвилин.<br>
			<a href='http://vesnasoft.org/feedback.html'>Клацніть сюди, щоб перейти до форми.</a>
	 	<br><br>З повагою,<br>Команда Vesna-Soft 2015<br>-----------------------<br><a href='http://vesnasoft.org'>vesnasoft.org</a> | <a href='https://vk.com/vesna_soft'>vk</a>
26.05.2015 16:32 SENDTO: vladyslav.velychko@gmail.com, THEME: Vesna-Soft 2015, TEXT: 
	 		Доброго дня!<br>
			Закінчився фестиваль Vesna-Soft 2015 і нам важлива ваша думка.<br>
			Заповніть, будь ласка, анонімну форму за посиланням нижче. Це займе всього кілька хвилин.<br>
			<a href='http://vesnasoft.org/feedback.html'>Клацніть сюди, щоб перейти до форми.</a>
	 	<br><br>З повагою,<br>Команда Vesna-Soft 2015<br>-----------------------<br><a href='http://vesnasoft.org'>vesnasoft.org</a> | <a href='https://vk.com/vesna_soft'>vk</a>
26.05.2015 16:32 SENDTO: havrylenko.k@gmail.com, THEME: Vesna-Soft 2015, TEXT: 
	 		Доброго дня!<br>
			Закінчився фестиваль Vesna-Soft 2015 і нам важлива ваша думка.<br>
			Заповніть, будь ласка, анонімну форму за посиланням нижче. Це займе всього кілька хвилин.<br>
			<a href='http://vesnasoft.org/feedback.html'>Клацніть сюди, щоб перейти до форми.</a>
	 	<br><br>З повагою,<br>Команда Vesna-Soft 2015<br>-----------------------<br><a href='http://vesnasoft.org'>vesnasoft.org</a> | <a href='https://vk.com/vesna_soft'>vk</a>
26.05.2015 16:32 SENDTO: dencerber@ukr.net, THEME: Vesna-Soft 2015, TEXT: 
	 		Доброго дня!<br>
			Закінчився фестиваль Vesna-Soft 2015 і нам важлива ваша думка.<br>
			Заповніть, будь ласка, анонімну форму за посиланням нижче. Це займе всього кілька хвилин.<br>
			<a href='http://vesnasoft.org/feedback.html'>Клацніть сюди, щоб перейти до форми.</a>
	 	<br><br>З повагою,<br>Команда Vesna-Soft 2015<br>-----------------------<br><a href='http://vesnasoft.org'>vesnasoft.org</a> | <a href='https://vk.com/vesna_soft'>vk</a>
26.05.2015 16:32 SENDTO: oleg.brazhnichenko@gmail.com, THEME: Vesna-Soft 2015, TEXT: 
	 		Доброго дня!<br>
			Закінчився фестиваль Vesna-Soft 2015 і нам важлива ваша думка.<br>
			Заповніть, будь ласка, анонімну форму за посиланням нижче. Це займе всього кілька хвилин.<br>
			<a href='http://vesnasoft.org/feedback.html'>Клацніть сюди, щоб перейти до форми.</a>
	 	<br><br>З повагою,<br>Команда Vesna-Soft 2015<br>-----------------------<br><a href='http://vesnasoft.org'>vesnasoft.org</a> | <a href='https://vk.com/vesna_soft'>vk</a>
26.05.2015 16:32 SENDTO: jeka.eremenko@mail.ru, THEME: Vesna-Soft 2015, TEXT: 
	 		Доброго дня!<br>
			Закінчився фестиваль Vesna-Soft 2015 і нам важлива ваша думка.<br>
			Заповніть, будь ласка, анонімну форму за посиланням нижче. Це займе всього кілька хвилин.<br>
			<a href='http://vesnasoft.org/feedback.html'>Клацніть сюди, щоб перейти до форми.</a>
	 	<br><br>З повагою,<br>Команда Vesna-Soft 2015<br>-----------------------<br><a href='http://vesnasoft.org'>vesnasoft.org</a> | <a href='https://vk.com/vesna_soft'>vk</a>
26.05.2015 16:32 SENDTO: vergundevelop@gmail.com, THEME: Vesna-Soft 2015, TEXT: 
	 		Доброго дня!<br>
			Закінчився фестиваль Vesna-Soft 2015 і нам важлива ваша думка.<br>
			Заповніть, будь ласка, анонімну форму за посиланням нижче. Це займе всього кілька хвилин.<br>
			<a href='http://vesnasoft.org/feedback.html'>Клацніть сюди, щоб перейти до форми.</a>
	 	<br><br>З повагою,<br>Команда Vesna-Soft 2015<br>-----------------------<br><a href='http://vesnasoft.org'>vesnasoft.org</a> | <a href='https://vk.com/vesna_soft'>vk</a>
26.05.2015 16:32 SENDTO: stivon_pk@mail.ru, THEME: Vesna-Soft 2015, TEXT: 
	 		Доброго дня!<br>
			Закінчився фестиваль Vesna-Soft 2015 і нам важлива ваша думка.<br>
			Заповніть, будь ласка, анонімну форму за посиланням нижче. Це займе всього кілька хвилин.<br>
			<a href='http://vesnasoft.org/feedback.html'>Клацніть сюди, щоб перейти до форми.</a>
	 	<br><br>З повагою,<br>Команда Vesna-Soft 2015<br>-----------------------<br><a href='http://vesnasoft.org'>vesnasoft.org</a> | <a href='https://vk.com/vesna_soft'>vk</a>
26.05.2015 16:32 SENDTO: skywoker94@gmail.com, THEME: Vesna-Soft 2015, TEXT: 
	 		Доброго дня!<br>
			Закінчився фестиваль Vesna-Soft 2015 і нам важлива ваша думка.<br>
			Заповніть, будь ласка, анонімну форму за посиланням нижче. Це займе всього кілька хвилин.<br>
			<a href='http://vesnasoft.org/feedback.html'>Клацніть сюди, щоб перейти до форми.</a>
	 	<br><br>З повагою,<br>Команда Vesna-Soft 2015<br>-----------------------<br><a href='http://vesnasoft.org'>vesnasoft.org</a> | <a href='https://vk.com/vesna_soft'>vk</a>
26.05.2015 16:32 SENDTO: romanchuk.vitalij@gmail.com, THEME: Vesna-Soft 2015, TEXT: 
	 		Доброго дня!<br>
			Закінчився фестиваль Vesna-Soft 2015 і нам важлива ваша думка.<br>
			Заповніть, будь ласка, анонімну форму за посиланням нижче. Це займе всього кілька хвилин.<br>
			<a href='http://vesnasoft.org/feedback.html'>Клацніть сюди, щоб перейти до форми.</a>
	 	<br><br>З повагою,<br>Команда Vesna-Soft 2015<br>-----------------------<br><a href='http://vesnasoft.org'>vesnasoft.org</a> | <a href='https://vk.com/vesna_soft'>vk</a>
26.05.2015 16:32 SENDTO: lord_xi@mail.ru, THEME: Vesna-Soft 2015, TEXT: 
	 		Доброго дня!<br>
			Закінчився фестиваль Vesna-Soft 2015 і нам важлива ваша думка.<br>
			Заповніть, будь ласка, анонімну форму за посиланням нижче. Це займе всього кілька хвилин.<br>
			<a href='http://vesnasoft.org/feedback.html'>Клацніть сюди, щоб перейти до форми.</a>
	 	<br><br>З повагою,<br>Команда Vesna-Soft 2015<br>-----------------------<br><a href='http://vesnasoft.org'>vesnasoft.org</a> | <a href='https://vk.com/vesna_soft'>vk</a>
26.05.2015 16:32 SENDTO: aulin.vlad@mail.ru, THEME: Vesna-Soft 2015, TEXT: 
	 		Доброго дня!<br>
			Закінчився фестиваль Vesna-Soft 2015 і нам важлива ваша думка.<br>
			Заповніть, будь ласка, анонімну форму за посиланням нижче. Це займе всього кілька хвилин.<br>
			<a href='http://vesnasoft.org/feedback.html'>Клацніть сюди, щоб перейти до форми.</a>
	 	<br><br>З повагою,<br>Команда Vesna-Soft 2015<br>-----------------------<br><a href='http://vesnasoft.org'>vesnasoft.org</a> | <a href='https://vk.com/vesna_soft'>vk</a>
26.05.2015 16:32 SENDTO: nightkot3@gmail.com, THEME: Vesna-Soft 2015, TEXT: 
	 		Доброго дня!<br>
			Закінчився фестиваль Vesna-Soft 2015 і нам важлива ваша думка.<br>
			Заповніть, будь ласка, анонімну форму за посиланням нижче. Це займе всього кілька хвилин.<br>
			<a href='http://vesnasoft.org/feedback.html'>Клацніть сюди, щоб перейти до форми.</a>
	 	<br><br>З повагою,<br>Команда Vesna-Soft 2015<br>-----------------------<br><a href='http://vesnasoft.org'>vesnasoft.org</a> | <a href='https://vk.com/vesna_soft'>vk</a>
26.05.2015 16:32 SENDTO: marina.kasian@rambler.ru, THEME: Vesna-Soft 2015, TEXT: 
	 		Доброго дня!<br>
			Закінчився фестиваль Vesna-Soft 2015 і нам важлива ваша думка.<br>
			Заповніть, будь ласка, анонімну форму за посиланням нижче. Це займе всього кілька хвилин.<br>
			<a href='http://vesnasoft.org/feedback.html'>Клацніть сюди, щоб перейти до форми.</a>
	 	<br><br>З повагою,<br>Команда Vesna-Soft 2015<br>-----------------------<br><a href='http://vesnasoft.org'>vesnasoft.org</a> | <a href='https://vk.com/vesna_soft'>vk</a>
26.05.2015 16:32 SENDTO: pasha.6912@gmail.com, THEME: Vesna-Soft 2015, TEXT: 
	 		Доброго дня!<br>
			Закінчився фестиваль Vesna-Soft 2015 і нам важлива ваша думка.<br>
			Заповніть, будь ласка, анонімну форму за посиланням нижче. Це займе всього кілька хвилин.<br>
			<a href='http://vesnasoft.org/feedback.html'>Клацніть сюди, щоб перейти до форми.</a>
	 	<br><br>З повагою,<br>Команда Vesna-Soft 2015<br>-----------------------<br><a href='http://vesnasoft.org'>vesnasoft.org</a> | <a href='https://vk.com/vesna_soft'>vk</a>
26.05.2015 16:32 SENDTO: imnbds@gmail.com, THEME: Vesna-Soft 2015, TEXT: 
	 		Доброго дня!<br>
			Закінчився фестиваль Vesna-Soft 2015 і нам важлива ваша думка.<br>
			Заповніть, будь ласка, анонімну форму за посиланням нижче. Це займе всього кілька хвилин.<br>
			<a href='http://vesnasoft.org/feedback.html'>Клацніть сюди, щоб перейти до форми.</a>
	 	<br><br>З повагою,<br>Команда Vesna-Soft 2015<br>-----------------------<br><a href='http://vesnasoft.org'>vesnasoft.org</a> | <a href='https://vk.com/vesna_soft'>vk</a>
26.05.2015 16:32 SENDTO: bilinskij.yaroslav@gmail.com, THEME: Vesna-Soft 2015, TEXT: 
	 		Доброго дня!<br>
			Закінчився фестиваль Vesna-Soft 2015 і нам важлива ваша думка.<br>
			Заповніть, будь ласка, анонімну форму за посиланням нижче. Це займе всього кілька хвилин.<br>
			<a href='http://vesnasoft.org/feedback.html'>Клацніть сюди, щоб перейти до форми.</a>
	 	<br><br>З повагою,<br>Команда Vesna-Soft 2015<br>-----------------------<br><a href='http://vesnasoft.org'>vesnasoft.org</a> | <a href='https://vk.com/vesna_soft'>vk</a>
26.05.2015 16:32 SENDTO: starflesh@mail.ru, THEME: Vesna-Soft 2015, TEXT: 
	 		Доброго дня!<br>
			Закінчився фестиваль Vesna-Soft 2015 і нам важлива ваша думка.<br>
			Заповніть, будь ласка, анонімну форму за посиланням нижче. Це займе всього кілька хвилин.<br>
			<a href='http://vesnasoft.org/feedback.html'>Клацніть сюди, щоб перейти до форми.</a>
	 	<br><br>З повагою,<br>Команда Vesna-Soft 2015<br>-----------------------<br><a href='http://vesnasoft.org'>vesnasoft.org</a> | <a href='https://vk.com/vesna_soft'>vk</a>
26.05.2015 16:32 SENDTO: illyakozshushko@gmail.com, THEME: Vesna-Soft 2015, TEXT: 
	 		Доброго дня!<br>
			Закінчився фестиваль Vesna-Soft 2015 і нам важлива ваша думка.<br>
			Заповніть, будь ласка, анонімну форму за посиланням нижче. Це займе всього кілька хвилин.<br>
			<a href='http://vesnasoft.org/feedback.html'>Клацніть сюди, щоб перейти до форми.</a>
	 	<br><br>З повагою,<br>Команда Vesna-Soft 2015<br>-----------------------<br><a href='http://vesnasoft.org'>vesnasoft.org</a> | <a href='https://vk.com/vesna_soft'>vk</a>
26.05.2015 16:32 SENDTO: m-izmaylov@inbox.ru, THEME: Vesna-Soft 2015, TEXT: 
	 		Доброго дня!<br>
			Закінчився фестиваль Vesna-Soft 2015 і нам важлива ваша думка.<br>
			Заповніть, будь ласка, анонімну форму за посиланням нижче. Це займе всього кілька хвилин.<br>
			<a href='http://vesnasoft.org/feedback.html'>Клацніть сюди, щоб перейти до форми.</a>
	 	<br><br>З повагою,<br>Команда Vesna-Soft 2015<br>-----------------------<br><a href='http://vesnasoft.org'>vesnasoft.org</a> | <a href='https://vk.com/vesna_soft'>vk</a>
26.05.2015 16:32 SENDTO: roma.neron.95@mail.ru, THEME: Vesna-Soft 2015, TEXT: 
	 		Доброго дня!<br>
			Закінчився фестиваль Vesna-Soft 2015 і нам важлива ваша думка.<br>
			Заповніть, будь ласка, анонімну форму за посиланням нижче. Це займе всього кілька хвилин.<br>
			<a href='http://vesnasoft.org/feedback.html'>Клацніть сюди, щоб перейти до форми.</a>
	 	<br><br>З повагою,<br>Команда Vesna-Soft 2015<br>-----------------------<br><a href='http://vesnasoft.org'>vesnasoft.org</a> | <a href='https://vk.com/vesna_soft'>vk</a>
26.05.2015 16:32 SENDTO: vmatlash98@mail.ru, THEME: Vesna-Soft 2015, TEXT: 
	 		Доброго дня!<br>
			Закінчився фестиваль Vesna-Soft 2015 і нам важлива ваша думка.<br>
			Заповніть, будь ласка, анонімну форму за посиланням нижче. Це займе всього кілька хвилин.<br>
			<a href='http://vesnasoft.org/feedback.html'>Клацніть сюди, щоб перейти до форми.</a>
	 	<br><br>З повагою,<br>Команда Vesna-Soft 2015<br>-----------------------<br><a href='http://vesnasoft.org'>vesnasoft.org</a> | <a href='https://vk.com/vesna_soft'>vk</a>
26.05.2015 16:32 SENDTO: jiafen24@gmail.com, THEME: Vesna-Soft 2015, TEXT: 
	 		Доброго дня!<br>
			Закінчився фестиваль Vesna-Soft 2015 і нам важлива ваша думка.<br>
			Заповніть, будь ласка, анонімну форму за посиланням нижче. Це займе всього кілька хвилин.<br>
			<a href='http://vesnasoft.org/feedback.html'>Клацніть сюди, щоб перейти до форми.</a>
	 	<br><br>З повагою,<br>Команда Vesna-Soft 2015<br>-----------------------<br><a href='http://vesnasoft.org'>vesnasoft.org</a> | <a href='https://vk.com/vesna_soft'>vk</a>
26.05.2015 16:32 SENDTO: yura.motorin95@gmail.com, THEME: Vesna-Soft 2015, TEXT: 
	 		Доброго дня!<br>
			Закінчився фестиваль Vesna-Soft 2015 і нам важлива ваша думка.<br>
			Заповніть, будь ласка, анонімну форму за посиланням нижче. Це займе всього кілька хвилин.<br>
			<a href='http://vesnasoft.org/feedback.html'>Клацніть сюди, щоб перейти до форми.</a>
	 	<br><br>З повагою,<br>Команда Vesna-Soft 2015<br>-----------------------<br><a href='http://vesnasoft.org'>vesnasoft.org</a> | <a href='https://vk.com/vesna_soft'>vk</a>
26.05.2015 16:32 SENDTO: oquar2014@gmail.com, THEME: Vesna-Soft 2015, TEXT: 
	 		Доброго дня!<br>
			Закінчився фестиваль Vesna-Soft 2015 і нам важлива ваша думка.<br>
			Заповніть, будь ласка, анонімну форму за посиланням нижче. Це займе всього кілька хвилин.<br>
			<a href='http://vesnasoft.org/feedback.html'>Клацніть сюди, щоб перейти до форми.</a>
	 	<br><br>З повагою,<br>Команда Vesna-Soft 2015<br>-----------------------<br><a href='http://vesnasoft.org'>vesnasoft.org</a> | <a href='https://vk.com/vesna_soft'>vk</a>
26.05.2015 16:32 SENDTO: aleksey.filew@gmail.com, THEME: Vesna-Soft 2015, TEXT: 
	 		Доброго дня!<br>
			Закінчився фестиваль Vesna-Soft 2015 і нам важлива ваша думка.<br>
			Заповніть, будь ласка, анонімну форму за посиланням нижче. Це займе всього кілька хвилин.<br>
			<a href='http://vesnasoft.org/feedback.html'>Клацніть сюди, щоб перейти до форми.</a>
	 	<br><br>З повагою,<br>Команда Vesna-Soft 2015<br>-----------------------<br><a href='http://vesnasoft.org'>vesnasoft.org</a> | <a href='https://vk.com/vesna_soft'>vk</a>
26.05.2015 16:32 SENDTO: karponter.tarino@gmail.com, THEME: Vesna-Soft 2015, TEXT: 
	 		Доброго дня!<br>
			Закінчився фестиваль Vesna-Soft 2015 і нам важлива ваша думка.<br>
			Заповніть, будь ласка, анонімну форму за посиланням нижче. Це займе всього кілька хвилин.<br>
			<a href='http://vesnasoft.org/feedback.html'>Клацніть сюди, щоб перейти до форми.</a>
	 	<br><br>З повагою,<br>Команда Vesna-Soft 2015<br>-----------------------<br><a href='http://vesnasoft.org'>vesnasoft.org</a> | <a href='https://vk.com/vesna_soft'>vk</a>
26.05.2015 16:32 SENDTO: dkaraush@gmail.com, THEME: Vesna-Soft 2015, TEXT: 
	 		Доброго дня!<br>
			Закінчився фестиваль Vesna-Soft 2015 і нам важлива ваша думка.<br>
			Заповніть, будь ласка, анонімну форму за посиланням нижче. Це займе всього кілька хвилин.<br>
			<a href='http://vesnasoft.org/feedback.html'>Клацніть сюди, щоб перейти до форми.</a>
	 	<br><br>З повагою,<br>Команда Vesna-Soft 2015<br>-----------------------<br><a href='http://vesnasoft.org'>vesnasoft.org</a> | <a href='https://vk.com/vesna_soft'>vk</a>
26.05.2015 16:32 SENDTO: rkoptev70@gmail.com, THEME: Vesna-Soft 2015, TEXT: 
	 		Доброго дня!<br>
			Закінчився фестиваль Vesna-Soft 2015 і нам важлива ваша думка.<br>
			Заповніть, будь ласка, анонімну форму за посиланням нижче. Це займе всього кілька хвилин.<br>
			<a href='http://vesnasoft.org/feedback.html'>Клацніть сюди, щоб перейти до форми.</a>
	 	<br><br>З повагою,<br>Команда Vesna-Soft 2015<br>-----------------------<br><a href='http://vesnasoft.org'>vesnasoft.org</a> | <a href='https://vk.com/vesna_soft'>vk</a>
26.05.2015 16:32 SENDTO: cwu_core@ukr.net, THEME: Vesna-Soft 2015, TEXT: 
	 		Доброго дня!<br>
			Закінчився фестиваль Vesna-Soft 2015 і нам важлива ваша думка.<br>
			Заповніть, будь ласка, анонімну форму за посиланням нижче. Це займе всього кілька хвилин.<br>
			<a href='http://vesnasoft.org/feedback.html'>Клацніть сюди, щоб перейти до форми.</a>
	 	<br><br>З повагою,<br>Команда Vesna-Soft 2015<br>-----------------------<br><a href='http://vesnasoft.org'>vesnasoft.org</a> | <a href='https://vk.com/vesna_soft'>vk</a>
26.05.2015 16:32 SENDTO: sanen2002@gmail.com, THEME: Vesna-Soft 2015, TEXT: 
	 		Доброго дня!<br>
			Закінчився фестиваль Vesna-Soft 2015 і нам важлива ваша думка.<br>
			Заповніть, будь ласка, анонімну форму за посиланням нижче. Це займе всього кілька хвилин.<br>
			<a href='http://vesnasoft.org/feedback.html'>Клацніть сюди, щоб перейти до форми.</a>
	 	<br><br>З повагою,<br>Команда Vesna-Soft 2015<br>-----------------------<br><a href='http://vesnasoft.org'>vesnasoft.org</a> | <a href='https://vk.com/vesna_soft'>vk</a>
26.05.2015 16:32 SENDTO: p.skumenko@yandex.com, THEME: Vesna-Soft 2015, TEXT: 
	 		Доброго дня!<br>
			Закінчився фестиваль Vesna-Soft 2015 і нам важлива ваша думка.<br>
			Заповніть, будь ласка, анонімну форму за посиланням нижче. Це займе всього кілька хвилин.<br>
			<a href='http://vesnasoft.org/feedback.html'>Клацніть сюди, щоб перейти до форми.</a>
	 	<br><br>З повагою,<br>Команда Vesna-Soft 2015<br>-----------------------<br><a href='http://vesnasoft.org'>vesnasoft.org</a> | <a href='https://vk.com/vesna_soft'>vk</a>
26.05.2015 16:32 SENDTO: glinianchyk@mail.ru, THEME: Vesna-Soft 2015, TEXT: 
	 		Доброго дня!<br>
			Закінчився фестиваль Vesna-Soft 2015 і нам важлива ваша думка.<br>
			Заповніть, будь ласка, анонімну форму за посиланням нижче. Це займе всього кілька хвилин.<br>
			<a href='http://vesnasoft.org/feedback.html'>Клацніть сюди, щоб перейти до форми.</a>
	 	<br><br>З повагою,<br>Команда Vesna-Soft 2015<br>-----------------------<br><a href='http://vesnasoft.org'>vesnasoft.org</a> | <a href='https://vk.com/vesna_soft'>vk</a>
26.05.2015 16:32 SENDTO: vlad.baranov.25@mail.ru, THEME: Vesna-Soft 2015, TEXT: 
	 		Доброго дня!<br>
			Закінчився фестиваль Vesna-Soft 2015 і нам важлива ваша думка.<br>
			Заповніть, будь ласка, анонімну форму за посиланням нижче. Це займе всього кілька хвилин.<br>
			<a href='http://vesnasoft.org/feedback.html'>Клацніть сюди, щоб перейти до форми.</a>
	 	<br><br>З повагою,<br>Команда Vesna-Soft 2015<br>-----------------------<br><a href='http://vesnasoft.org'>vesnasoft.org</a> | <a href='https://vk.com/vesna_soft'>vk</a>
26.05.2015 16:32 SENDTO: al.zaretskii@gmail.com, THEME: Vesna-Soft 2015, TEXT: 
	 		Доброго дня!<br>
			Закінчився фестиваль Vesna-Soft 2015 і нам важлива ваша думка.<br>
			Заповніть, будь ласка, анонімну форму за посиланням нижче. Це займе всього кілька хвилин.<br>
			<a href='http://vesnasoft.org/feedback.html'>Клацніть сюди, щоб перейти до форми.</a>
	 	<br><br>З повагою,<br>Команда Vesna-Soft 2015<br>-----------------------<br><a href='http://vesnasoft.org'>vesnasoft.org</a> | <a href='https://vk.com/vesna_soft'>vk</a>
26.05.2015 16:32 SENDTO: dmitriyromashevskiy@yandex.ru, THEME: Vesna-Soft 2015, TEXT: 
	 		Доброго дня!<br>
			Закінчився фестиваль Vesna-Soft 2015 і нам важлива ваша думка.<br>
			Заповніть, будь ласка, анонімну форму за посиланням нижче. Це займе всього кілька хвилин.<br>
			<a href='http://vesnasoft.org/feedback.html'>Клацніть сюди, щоб перейти до форми.</a>
	 	<br><br>З повагою,<br>Команда Vesna-Soft 2015<br>-----------------------<br><a href='http://vesnasoft.org'>vesnasoft.org</a> | <a href='https://vk.com/vesna_soft'>vk</a>
26.05.2015 16:32 SENDTO: yurabraiko@gmail.com, THEME: Vesna-Soft 2015, TEXT: 
	 		Доброго дня!<br>
			Закінчився фестиваль Vesna-Soft 2015 і нам важлива ваша думка.<br>
			Заповніть, будь ласка, анонімну форму за посиланням нижче. Це займе всього кілька хвилин.<br>
			<a href='http://vesnasoft.org/feedback.html'>Клацніть сюди, щоб перейти до форми.</a>
	 	<br><br>З повагою,<br>Команда Vesna-Soft 2015<br>-----------------------<br><a href='http://vesnasoft.org'>vesnasoft.org</a> | <a href='https://vk.com/vesna_soft'>vk</a>
26.05.2015 16:32 SENDTO: 1992shoker1992@mail.ru, THEME: Vesna-Soft 2015, TEXT: 
	 		Доброго дня!<br>
			Закінчився фестиваль Vesna-Soft 2015 і нам важлива ваша думка.<br>
			Заповніть, будь ласка, анонімну форму за посиланням нижче. Це займе всього кілька хвилин.<br>
			<a href='http://vesnasoft.org/feedback.html'>Клацніть сюди, щоб перейти до форми.</a>
	 	<br><br>З повагою,<br>Команда Vesna-Soft 2015<br>-----------------------<br><a href='http://vesnasoft.org'>vesnasoft.org</a> | <a href='https://vk.com/vesna_soft'>vk</a>
26.05.2015 16:32 SENDTO: SanaLi209@gmail.com, THEME: Vesna-Soft 2015, TEXT: 
	 		Доброго дня!<br>
			Закінчився фестиваль Vesna-Soft 2015 і нам важлива ваша думка.<br>
			Заповніть, будь ласка, анонімну форму за посиланням нижче. Це займе всього кілька хвилин.<br>
			<a href='http://vesnasoft.org/feedback.html'>Клацніть сюди, щоб перейти до форми.</a>
	 	<br><br>З повагою,<br>Команда Vesna-Soft 2015<br>-----------------------<br><a href='http://vesnasoft.org'>vesnasoft.org</a> | <a href='https://vk.com/vesna_soft'>vk</a>
26.05.2015 16:32 SENDTO: ashaman1991@gmail.com, THEME: Vesna-Soft 2015, TEXT: 
	 		Доброго дня!<br>
			Закінчився фестиваль Vesna-Soft 2015 і нам важлива ваша думка.<br>
			Заповніть, будь ласка, анонімну форму за посиланням нижче. Це займе всього кілька хвилин.<br>
			<a href='http://vesnasoft.org/feedback.html'>Клацніть сюди, щоб перейти до форми.</a>
	 	<br><br>З повагою,<br>Команда Vesna-Soft 2015<br>-----------------------<br><a href='http://vesnasoft.org'>vesnasoft.org</a> | <a href='https://vk.com/vesna_soft'>vk</a>
26.05.2015 16:32 SENDTO: romsonapp@gmail.com, THEME: Vesna-Soft 2015, TEXT: 
	 		Доброго дня!<br>
			Закінчився фестиваль Vesna-Soft 2015 і нам важлива ваша думка.<br>
			Заповніть, будь ласка, анонімну форму за посиланням нижче. Це займе всього кілька хвилин.<br>
			<a href='http://vesnasoft.org/feedback.html'>Клацніть сюди, щоб перейти до форми.</a>
	 	<br><br>З повагою,<br>Команда Vesna-Soft 2015<br>-----------------------<br><a href='http://vesnasoft.org'>vesnasoft.org</a> | <a href='https://vk.com/vesna_soft'>vk</a>
26.05.2015 16:32 SENDTO: goroshko.k.n@gmail.com, THEME: Vesna-Soft 2015, TEXT: 
	 		Доброго дня!<br>
			Закінчився фестиваль Vesna-Soft 2015 і нам важлива ваша думка.<br>
			Заповніть, будь ласка, анонімну форму за посиланням нижче. Це займе всього кілька хвилин.<br>
			<a href='http://vesnasoft.org/feedback.html'>Клацніть сюди, щоб перейти до форми.</a>
	 	<br><br>З повагою,<br>Команда Vesna-Soft 2015<br>-----------------------<br><a href='http://vesnasoft.org'>vesnasoft.org</a> | <a href='https://vk.com/vesna_soft'>vk</a>
26.05.2015 16:32 SENDTO: leonid_2213@mail.ru, THEME: Vesna-Soft 2015, TEXT: 
	 		Доброго дня!<br>
			Закінчився фестиваль Vesna-Soft 2015 і нам важлива ваша думка.<br>
			Заповніть, будь ласка, анонімну форму за посиланням нижче. Це займе всього кілька хвилин.<br>
			<a href='http://vesnasoft.org/feedback.html'>Клацніть сюди, щоб перейти до форми.</a>
	 	<br><br>З повагою,<br>Команда Vesna-Soft 2015<br>-----------------------<br><a href='http://vesnasoft.org'>vesnasoft.org</a> | <a href='https://vk.com/vesna_soft'>vk</a>
26.05.2015 16:32 SENDTO: m-izmaylov@inbox.ru, THEME: Vesna-Soft 2015, TEXT: 
	 		Доброго дня!<br>
			Закінчився фестиваль Vesna-Soft 2015 і нам важлива ваша думка.<br>
			Заповніть, будь ласка, анонімну форму за посиланням нижче. Це займе всього кілька хвилин.<br>
			<a href='http://vesnasoft.org/feedback.html'>Клацніть сюди, щоб перейти до форми.</a>
	 	<br><br>З повагою,<br>Команда Vesna-Soft 2015<br>-----------------------<br><a href='http://vesnasoft.org'>vesnasoft.org</a> | <a href='https://vk.com/vesna_soft'>vk</a>
26.05.2015 16:32 SENDTO: oleg.riga19@gmail.com, THEME: Vesna-Soft 2015, TEXT: 
	 		Доброго дня!<br>
			Закінчився фестиваль Vesna-Soft 2015 і нам важлива ваша думка.<br>
			Заповніть, будь ласка, анонімну форму за посиланням нижче. Це займе всього кілька хвилин.<br>
			<a href='http://vesnasoft.org/feedback.html'>Клацніть сюди, щоб перейти до форми.</a>
	 	<br><br>З повагою,<br>Команда Vesna-Soft 2015<br>-----------------------<br><a href='http://vesnasoft.org'>vesnasoft.org</a> | <a href='https://vk.com/vesna_soft'>vk</a>
26.05.2015 16:32 SENDTO: antmiller94@gmail.com, THEME: Vesna-Soft 2015, TEXT: 
	 		Доброго дня!<br>
			Закінчився фестиваль Vesna-Soft 2015 і нам важлива ваша думка.<br>
			Заповніть, будь ласка, анонімну форму за посиланням нижче. Це займе всього кілька хвилин.<br>
			<a href='http://vesnasoft.org/feedback.html'>Клацніть сюди, щоб перейти до форми.</a>
	 	<br><br>З повагою,<br>Команда Vesna-Soft 2015<br>-----------------------<br><a href='http://vesnasoft.org'>vesnasoft.org</a> | <a href='https://vk.com/vesna_soft'>vk</a>
26.05.2015 16:32 SENDTO: sashun9i@mail.ru, THEME: Vesna-Soft 2015, TEXT: 
	 		Доброго дня!<br>
			Закінчився фестиваль Vesna-Soft 2015 і нам важлива ваша думка.<br>
			Заповніть, будь ласка, анонімну форму за посиланням нижче. Це займе всього кілька хвилин.<br>
			<a href='http://vesnasoft.org/feedback.html'>Клацніть сюди, щоб перейти до форми.</a>
	 	<br><br>З повагою,<br>Команда Vesna-Soft 2015<br>-----------------------<br><a href='http://vesnasoft.org'>vesnasoft.org</a> | <a href='https://vk.com/vesna_soft'>vk</a>
26.05.2015 16:32 SENDTO: evasi0nfakemail@gmail.com, THEME: Vesna-Soft 2015, TEXT: 
	 		Доброго дня!<br>
			Закінчився фестиваль Vesna-Soft 2015 і нам важлива ваша думка.<br>
			Заповніть, будь ласка, анонімну форму за посиланням нижче. Це займе всього кілька хвилин.<br>
			<a href='http://vesnasoft.org/feedback.html'>Клацніть сюди, щоб перейти до форми.</a>
	 	<br><br>З повагою,<br>Команда Vesna-Soft 2015<br>-----------------------<br><a href='http://vesnasoft.org'>vesnasoft.org</a> | <a href='https://vk.com/vesna_soft'>vk</a>
26.05.2015 16:32 SENDTO: redly.xopp@gmail.com, THEME: Vesna-Soft 2015, TEXT: 
	 		Доброго дня!<br>
			Закінчився фестиваль Vesna-Soft 2015 і нам важлива ваша думка.<br>
			Заповніть, будь ласка, анонімну форму за посиланням нижче. Це займе всього кілька хвилин.<br>
			<a href='http://vesnasoft.org/feedback.html'>Клацніть сюди, щоб перейти до форми.</a>
	 	<br><br>З повагою,<br>Команда Vesna-Soft 2015<br>-----------------------<br><a href='http://vesnasoft.org'>vesnasoft.org</a> | <a href='https://vk.com/vesna_soft'>vk</a>
26.05.2015 16:32 SENDTO: ormandiora@i.ua, THEME: Vesna-Soft 2015, TEXT: 
	 		Доброго дня!<br>
			Закінчився фестиваль Vesna-Soft 2015 і нам важлива ваша думка.<br>
			Заповніть, будь ласка, анонімну форму за посиланням нижче. Це займе всього кілька хвилин.<br>
			<a href='http://vesnasoft.org/feedback.html'>Клацніть сюди, щоб перейти до форми.</a>
	 	<br><br>З повагою,<br>Команда Vesna-Soft 2015<br>-----------------------<br><a href='http://vesnasoft.org'>vesnasoft.org</a> | <a href='https://vk.com/vesna_soft'>vk</a>
26.05.2015 16:32 SENDTO: tmanziuk@gmail.com, THEME: Vesna-Soft 2015, TEXT: 
	 		Доброго дня!<br>
			Закінчився фестиваль Vesna-Soft 2015 і нам важлива ваша думка.<br>
			Заповніть, будь ласка, анонімну форму за посиланням нижче. Це займе всього кілька хвилин.<br>
			<a href='http://vesnasoft.org/feedback.html'>Клацніть сюди, щоб перейти до форми.</a>
	 	<br><br>З повагою,<br>Команда Vesna-Soft 2015<br>-----------------------<br><a href='http://vesnasoft.org'>vesnasoft.org</a> | <a href='https://vk.com/vesna_soft'>vk</a>
26.05.2015 16:32 SENDTO: ragehaos@gmail.com, THEME: Vesna-Soft 2015, TEXT: 
	 		Доброго дня!<br>
			Закінчився фестиваль Vesna-Soft 2015 і нам важлива ваша думка.<br>
			Заповніть, будь ласка, анонімну форму за посиланням нижче. Це займе всього кілька хвилин.<br>
			<a href='http://vesnasoft.org/feedback.html'>Клацніть сюди, щоб перейти до форми.</a>
	 	<br><br>З повагою,<br>Команда Vesna-Soft 2015<br>-----------------------<br><a href='http://vesnasoft.org'>vesnasoft.org</a> | <a href='https://vk.com/vesna_soft'>vk</a>
26.05.2015 16:32 SENDTO: thewaygoesup@gmail.com, THEME: Vesna-Soft 2015, TEXT: 
	 		Доброго дня!<br>
			Закінчився фестиваль Vesna-Soft 2015 і нам важлива ваша думка.<br>
			Заповніть, будь ласка, анонімну форму за посиланням нижче. Це займе всього кілька хвилин.<br>
			<a href='http://vesnasoft.org/feedback.html'>Клацніть сюди, щоб перейти до форми.</a>
	 	<br><br>З повагою,<br>Команда Vesna-Soft 2015<br>-----------------------<br><a href='http://vesnasoft.org'>vesnasoft.org</a> | <a href='https://vk.com/vesna_soft'>vk</a>
